mode: set
github.com/KomGitHub/wallet/v1/pkg/wallet/service.go:22.78,23.37 1 1
github.com/KomGitHub/wallet/v1/pkg/wallet/service.go:28.2,36.21 4 1
github.com/KomGitHub/wallet/v1/pkg/wallet/service.go:23.37,24.29 1 1
github.com/KomGitHub/wallet/v1/pkg/wallet/service.go:24.29,26.4 1 1
github.com/KomGitHub/wallet/v1/pkg/wallet/service.go:39.70,40.17 1 1
github.com/KomGitHub/wallet/v1/pkg/wallet/service.go:44.2,45.33 2 1
github.com/KomGitHub/wallet/v1/pkg/wallet/service.go:52.2,52.20 1 1
github.com/KomGitHub/wallet/v1/pkg/wallet/service.go:56.2,57.12 2 1
github.com/KomGitHub/wallet/v1/pkg/wallet/service.go:40.17,42.3 1 0
github.com/KomGitHub/wallet/v1/pkg/wallet/service.go:45.33,46.26 1 1
github.com/KomGitHub/wallet/v1/pkg/wallet/service.go:46.26,48.9 2 1
github.com/KomGitHub/wallet/v1/pkg/wallet/service.go:52.20,54.3 1 0
github.com/KomGitHub/wallet/v1/pkg/wallet/service.go:60.116,61.17 1 1
github.com/KomGitHub/wallet/v1/pkg/wallet/service.go:65.2,66.33 2 1
github.com/KomGitHub/wallet/v1/pkg/wallet/service.go:72.2,72.20 1 1
github.com/KomGitHub/wallet/v1/pkg/wallet/service.go:76.2,76.30 1 1
github.com/KomGitHub/wallet/v1/pkg/wallet/service.go:80.2,90.21 5 1
github.com/KomGitHub/wallet/v1/pkg/wallet/service.go:61.17,63.3 1 0
github.com/KomGitHub/wallet/v1/pkg/wallet/service.go:66.33,67.26 1 1
github.com/KomGitHub/wallet/v1/pkg/wallet/service.go:67.26,69.9 2 1
github.com/KomGitHub/wallet/v1/pkg/wallet/service.go:72.20,74.3 1 0
github.com/KomGitHub/wallet/v1/pkg/wallet/service.go:76.30,78.3 1 0
github.com/KomGitHub/wallet/v1/pkg/wallet/service.go:93.76,94.33 1 1
github.com/KomGitHub/wallet/v1/pkg/wallet/service.go:99.2,99.32 1 1
github.com/KomGitHub/wallet/v1/pkg/wallet/service.go:94.33,95.26 1 1
github.com/KomGitHub/wallet/v1/pkg/wallet/service.go:95.26,97.4 1 1
github.com/KomGitHub/wallet/v1/pkg/wallet/service.go:102.77,103.37 1 1
github.com/KomGitHub/wallet/v1/pkg/wallet/service.go:108.2,108.32 1 1
github.com/KomGitHub/wallet/v1/pkg/wallet/service.go:103.37,104.30 1 1
github.com/KomGitHub/wallet/v1/pkg/wallet/service.go:104.30,106.4 1 1
github.com/KomGitHub/wallet/v1/pkg/wallet/service.go:111.50,113.16 2 1
github.com/KomGitHub/wallet/v1/pkg/wallet/service.go:116.2,117.16 2 1
github.com/KomGitHub/wallet/v1/pkg/wallet/service.go:120.2,122.12 3 1
github.com/KomGitHub/wallet/v1/pkg/wallet/service.go:113.16,115.3 1 0
github.com/KomGitHub/wallet/v1/pkg/wallet/service.go:117.16,119.3 1 0
