mode: set
github.com/KomGitHub/wallet/v1/pkg/wallet/service.go:24.78,25.37 1 1
github.com/KomGitHub/wallet/v1/pkg/wallet/service.go:30.2,38.21 4 1
github.com/KomGitHub/wallet/v1/pkg/wallet/service.go:25.37,26.29 1 1
github.com/KomGitHub/wallet/v1/pkg/wallet/service.go:26.29,28.4 1 1
github.com/KomGitHub/wallet/v1/pkg/wallet/service.go:41.70,42.17 1 1
github.com/KomGitHub/wallet/v1/pkg/wallet/service.go:46.2,47.33 2 1
github.com/KomGitHub/wallet/v1/pkg/wallet/service.go:54.2,54.20 1 1
github.com/KomGitHub/wallet/v1/pkg/wallet/service.go:58.2,59.12 2 1
github.com/KomGitHub/wallet/v1/pkg/wallet/service.go:42.17,44.3 1 0
github.com/KomGitHub/wallet/v1/pkg/wallet/service.go:47.33,48.26 1 1
github.com/KomGitHub/wallet/v1/pkg/wallet/service.go:48.26,50.9 2 1
github.com/KomGitHub/wallet/v1/pkg/wallet/service.go:54.20,56.3 1 0
github.com/KomGitHub/wallet/v1/pkg/wallet/service.go:62.116,63.17 1 1
github.com/KomGitHub/wallet/v1/pkg/wallet/service.go:67.2,68.33 2 1
github.com/KomGitHub/wallet/v1/pkg/wallet/service.go:74.2,74.20 1 1
github.com/KomGitHub/wallet/v1/pkg/wallet/service.go:78.2,78.30 1 1
github.com/KomGitHub/wallet/v1/pkg/wallet/service.go:82.2,92.21 5 1
github.com/KomGitHub/wallet/v1/pkg/wallet/service.go:63.17,65.3 1 0
github.com/KomGitHub/wallet/v1/pkg/wallet/service.go:68.33,69.26 1 1
github.com/KomGitHub/wallet/v1/pkg/wallet/service.go:69.26,71.9 2 1
github.com/KomGitHub/wallet/v1/pkg/wallet/service.go:74.20,76.3 1 0
github.com/KomGitHub/wallet/v1/pkg/wallet/service.go:78.30,80.3 1 0
github.com/KomGitHub/wallet/v1/pkg/wallet/service.go:95.76,96.33 1 1
github.com/KomGitHub/wallet/v1/pkg/wallet/service.go:101.2,101.32 1 1
github.com/KomGitHub/wallet/v1/pkg/wallet/service.go:96.33,97.26 1 1
github.com/KomGitHub/wallet/v1/pkg/wallet/service.go:97.26,99.4 1 1
github.com/KomGitHub/wallet/v1/pkg/wallet/service.go:104.77,105.37 1 1
github.com/KomGitHub/wallet/v1/pkg/wallet/service.go:110.2,110.32 1 1
github.com/KomGitHub/wallet/v1/pkg/wallet/service.go:105.37,106.30 1 1
github.com/KomGitHub/wallet/v1/pkg/wallet/service.go:106.30,108.4 1 1
github.com/KomGitHub/wallet/v1/pkg/wallet/service.go:113.50,115.16 2 1
github.com/KomGitHub/wallet/v1/pkg/wallet/service.go:118.2,119.16 2 1
github.com/KomGitHub/wallet/v1/pkg/wallet/service.go:122.2,124.12 3 1
github.com/KomGitHub/wallet/v1/pkg/wallet/service.go:115.16,117.3 1 0
github.com/KomGitHub/wallet/v1/pkg/wallet/service.go:119.16,121.3 1 0
github.com/KomGitHub/wallet/v1/pkg/wallet/service.go:127.68,129.16 2 1
github.com/KomGitHub/wallet/v1/pkg/wallet/service.go:133.2,134.16 2 1
github.com/KomGitHub/wallet/v1/pkg/wallet/service.go:137.2,137.24 1 1
github.com/KomGitHub/wallet/v1/pkg/wallet/service.go:129.16,131.3 1 1
github.com/KomGitHub/wallet/v1/pkg/wallet/service.go:134.16,136.3 1 0
github.com/KomGitHub/wallet/v1/pkg/wallet/service.go:140.91,142.16 2 1
github.com/KomGitHub/wallet/v1/pkg/wallet/service.go:146.2,155.22 4 1
github.com/KomGitHub/wallet/v1/pkg/wallet/service.go:142.16,144.3 1 1
github.com/KomGitHub/wallet/v1/pkg/wallet/service.go:158.80,159.39 1 1
github.com/KomGitHub/wallet/v1/pkg/wallet/service.go:164.2,164.33 1 1
github.com/KomGitHub/wallet/v1/pkg/wallet/service.go:159.39,160.32 1 1
github.com/KomGitHub/wallet/v1/pkg/wallet/service.go:160.32,162.4 1 1
github.com/KomGitHub/wallet/v1/pkg/wallet/service.go:167.78,169.16 2 1
github.com/KomGitHub/wallet/v1/pkg/wallet/service.go:173.2,174.16 2 1
github.com/KomGitHub/wallet/v1/pkg/wallet/service.go:177.2,177.21 1 1
github.com/KomGitHub/wallet/v1/pkg/wallet/service.go:169.16,171.3 1 1
github.com/KomGitHub/wallet/v1/pkg/wallet/service.go:174.16,176.3 1 0
